# JRE version: Java(TM) SE Runtime Environment (8.0_291-b10) (build 1.8.0_291-b10)
# Java VM: Java HotSpot(TM) 64-Bit Server VM (25.291-b10 mixed mode windows-amd64 compressed oops)
Heap:
 PSYoungGen      total 108544K, used 26045K [0x00000000e0a00000, 0x00000000ec180000, 0x0000000100000000)
  eden space 93696K, 11% used [0x00000000e0a00000,0x00000000e14ef4a0,0x00000000e6580000)
  from space 14848K, 100% used [0x00000000e6580000,0x00000000e7400000,0x00000000e7400000)
  to   space 18944K, 0% used [0x00000000eaf00000,0x00000000eaf00000,0x00000000ec180000)
 ParOldGen       total 65536K, used 19804K [0x00000000a1e00000, 0x00000000a5e00000, 0x00000000e0a00000)
  object space 65536K, 30% used [0x00000000a1e00000,0x00000000a3157058,0x00000000a5e00000)
 Metaspace       used 17173K, capacity 17634K, committed 17792K, reserved 1064960K
  class space    used 1981K, capacity 2125K, committed 2176K, reserved 1048576K
GC Heap History (10 events):
Event: 5.026 GC heap before
{Heap before GC invocations=5 (full 0):
 PSYoungGen      total 28672K, used 28640K [0x00000000e0a00000, 0x00000000e2a00000, 0x0000000100000000)
  eden space 24576K, 100% used [0x00000000e0a00000,0x00000000e2200000,0x00000000e2200000)
  from space 4096K, 99% used [0x00000000e2600000,0x00000000e29f8040,0x00000000e2a00000)
  to   space 4096K, 0% used [0x00000000e2200000,0x00000000e2200000,0x00000000e2600000)
 ParOldGen       total 65536K, used 5746K [0x00000000a1e00000, 0x00000000a5e00000, 0x00000000e0a00000)
  object space 65536K, 8% used [0x00000000a1e00000,0x00000000a239caf8,0x00000000a5e00000)
 Metaspace       used 14264K, capacity 14504K, committed 14720K, reserved 1062912K
  class space    used 1770K, capacity 1876K, committed 1920K, reserved 1048576K
Event: 5.036 GC heap after
Heap after GC invocations=5 (full 0):
 PSYoungGen      total 28672K, used 4064K [0x00000000e0a00000, 0x00000000e4900000, 0x0000000100000000)
  eden space 24576K, 0% used [0x00000000e0a00000,0x00000000e0a00000,0x00000000e2200000)
  from space 4096K, 99% used [0x00000000e2200000,0x00000000e25f8020,0x00000000e2600000)
  to   space 7680K, 0% used [0x00000000e4180000,0x00000000e4180000,0x00000000e4900000)
 ParOldGen       total 65536K, used 7394K [0x00000000a1e00000, 0x00000000a5e00000, 0x00000000e0a00000)
  object space 65536K, 11% used [0x00000000a1e00000,0x00000000a2538af8,0x00000000a5e00000)
 Metaspace       used 14264K, capacity 14504K, committed 14720K, reserved 1062912K
  class space    used 1770K, capacity 1876K, committed 1920K, reserved 1048576K
}
Event: 5.448 GC heap before
{Heap before GC invocations=6 (full 0):
 PSYoungGen      total 28672K, used 28640K [0x00000000e0a00000, 0x00000000e4900000, 0x0000000100000000)
  eden space 24576K, 100% used [0x00000000e0a00000,0x00000000e2200000,0x00000000e2200000)
  from space 4096K, 99% used [0x00000000e2200000,0x00000000e25f8020,0x00000000e2600000)
  to   space 7680K, 0% used [0x00000000e4180000,0x00000000e4180000,0x00000000e4900000)
 ParOldGen       total 65536K, used 7394K [0x00000000a1e00000, 0x00000000a5e00000, 0x00000000e0a00000)
  object space 65536K, 11% used [0x00000000a1e00000,0x00000000a2538af8,0x00000000a5e00000)
 Metaspace       used 14559K, capacity 14766K, committed 14976K, reserved 1062912K
  class space    used 1780K, capacity 1877K, committed 1920K, reserved 1048576K
Event: 5.472 GC heap after
Heap after GC invocations=6 (full 0):
 PSYoungGen      total 55808K, used 7664K [0x00000000e0a00000, 0x00000000e4b00000, 0x0000000100000000)
  eden space 48128K, 0% used [0x00000000e0a00000,0x00000000e0a00000,0x00000000e3900000)
  from space 7680K, 99% used [0x00000000e4180000,0x00000000e48fc030,0x00000000e4900000)
  to   space 8704K, 0% used [0x00000000e3900000,0x00000000e3900000,0x00000000e4180000)
 ParOldGen       total 65536K, used 7552K [0x00000000a1e00000, 0x00000000a5e00000, 0x00000000e0a00000)
  object space 65536K, 11% used [0x00000000a1e00000,0x00000000a2560318,0x00000000a5e00000)
 Metaspace       used 14559K, capacity 14766K, committed 14976K, reserved 1062912K
  class space    used 1780K, capacity 1877K, committed 1920K, reserved 1048576K
}
Event: 6.439 GC heap before
{Heap before GC invocations=7 (full 0):
 PSYoungGen      total 55808K, used 55792K [0x00000000e0a00000, 0x00000000e4b00000, 0x0000000100000000)
  eden space 48128K, 100% used [0x00000000e0a00000,0x00000000e3900000,0x00000000e3900000)
  from space 7680K, 99% used [0x00000000e4180000,0x00000000e48fc030,0x00000000e4900000)
  to   space 8704K, 0% used [0x00000000e3900000,0x00000000e3900000,0x00000000e4180000)
 ParOldGen       total 65536K, used 7552K [0x00000000a1e00000, 0x00000000a5e00000, 0x00000000e0a00000)
  object space 65536K, 11% used [0x00000000a1e00000,0x00000000a2560318,0x00000000a5e00000)
 Metaspace       used 15126K, capacity 15310K, committed 15488K, reserved 1062912K
  class space    used 1816K, capacity 1909K, committed 1920K, reserved 1048576K
Event: 6.457 GC heap after
Heap after GC invocations=7 (full 0):
 PSYoungGen      total 56832K, used 8688K [0x00000000e0a00000, 0x00000000e8000000, 0x0000000100000000)
  eden space 48128K, 0% used [0x00000000e0a00000,0x00000000e0a00000,0x00000000e3900000)
  from space 8704K, 99% used [0x00000000e3900000,0x00000000e417c030,0x00000000e4180000)
  to   space 12288K, 0% used [0x00000000e7400000,0x00000000e7400000,0x00000000e8000000)
 ParOldGen       total 65536K, used 12502K [0x00000000a1e00000, 0x00000000a5e00000, 0x00000000e0a00000)
  object space 65536K, 19% used [0x00000000a1e00000,0x00000000a2a35a30,0x00000000a5e00000)
 Metaspace       used 15126K, capacity 15310K, committed 15488K, reserved 1062912K
  class space    used 1816K, capacity 1909K, committed 1920K, reserved 1048576K
}
Event: 7.741 GC heap before
{Heap before GC invocations=8 (full 0):
 PSYoungGen      total 56832K, used 56816K [0x00000000e0a00000, 0x00000000e8000000, 0x0000000100000000)
  eden space 48128K, 100% used [0x00000000e0a00000,0x00000000e3900000,0x00000000e3900000)
  from space 8704K, 99% used [0x00000000e3900000,0x00000000e417c030,0x00000000e4180000)
  to   space 12288K, 0% used [0x00000000e7400000,0x00000000e7400000,0x00000000e8000000)
 ParOldGen       total 65536K, used 12502K [0x00000000a1e00000, 0x00000000a5e00000, 0x00000000e0a00000)
  object space 65536K, 19% used [0x00000000a1e00000,0x00000000a2a35a30,0x00000000a5e00000)
 Metaspace       used 15372K, capacity 15608K, committed 15744K, reserved 1062912K
  class space    used 1821K, capacity 1916K, committed 1920K, reserved 1048576K
Event: 7.764 GC heap after
Heap after GC invocations=8 (full 0):
 PSYoungGen      total 105984K, used 12256K [0x00000000e0a00000, 0x00000000e8500000, 0x0000000100000000)
  eden space 93696K, 0% used [0x00000000e0a00000,0x00000000e0a00000,0x00000000e6580000)
  from space 12288K, 99% used [0x00000000e7400000,0x00000000e7ff8040,0x00000000e8000000)
  to   space 14848K, 0% used [0x00000000e6580000,0x00000000e6580000,0x00000000e7400000)
 ParOldGen       total 65536K, used 14568K [0x00000000a1e00000, 0x00000000a5e00000, 0x00000000e0a00000)
  object space 65536K, 22% used [0x00000000a1e00000,0x00000000a2c3a290,0x00000000a5e00000)
 Metaspace       used 15372K, capacity 15608K, committed 15744K, reserved 1062912K
  class space    used 1821K, capacity 1916K, committed 1920K, reserved 1048576K
}
Event: 10.972 GC heap before
{Heap before GC invocations=9 (full 0):
 PSYoungGen      total 105984K, used 105952K [0x00000000e0a00000, 0x00000000e8500000, 0x0000000100000000)
  eden space 93696K, 100% used [0x00000000e0a00000,0x00000000e6580000,0x00000000e6580000)
  from space 12288K, 99% used [0x00000000e7400000,0x00000000e7ff8040,0x00000000e8000000)
  to   space 14848K, 0% used [0x00000000e6580000,0x00000000e6580000,0x00000000e7400000)
 ParOldGen       total 65536K, used 14568K [0x00000000a1e00000, 0x00000000a5e00000, 0x00000000e0a00000)
  object space 65536K, 22% used [0x00000000a1e00000,0x00000000a2c3a290,0x00000000a5e00000)
 Metaspace       used 16574K, capacity 16950K, committed 17280K, reserved 1064960K
  class space    used 1936K, capacity 2085K, committed 2176K, reserved 1048576K
Event: 10.995 GC heap after
Heap after GC invocations=9 (full 0):
 PSYoungGen      total 108544K, used 14848K [0x00000000e0a00000, 0x00000000ec180000, 0x0000000100000000)
  eden space 93696K, 0% used [0x00000000e0a00000,0x00000000e0a00000,0x00000000e6580000)
  from space 14848K, 100% used [0x00000000e6580000,0x00000000e7400000,0x00000000e7400000)
  to   space 18944K, 0% used [0x00000000eaf00000,0x00000000eaf00000,0x00000000ec180000)
 ParOldGen       total 65536K, used 19804K [0x00000000a1e00000, 0x00000000a5e00000, 0x00000000e0a00000)
  object space 65536K, 30% used [0x00000000a1e00000,0x00000000a3157058,0x00000000a5e00000)
 Metaspace       used 16574K, capacity 16950K, committed 17280K, reserved 1064960K
  class space    used 1936K, capacity 2085K, committed 2176K, reserved 1048576K
}

