<?xml version="1.0" encoding="UTF-8"?>
<testsuite xmlns:xsi="http://www.w3.org/2001/XMLSchema-instance" xsi:noNamespaceSchemaLocation="https://maven.apache.org/surefire/maven-surefire-plugin/xsd/surefire-test-report.xsd" name="com.cognizant.portfoliomanagement.WebPortal.Model.AssetTest" time="0.032" tests="8" errors="0" skipped="0" failures="0">
  <properties>
[...]
</properties>
  <testcase name="testAsset" classname="com.cognizant.portfoliomanagement.WebPortal.Model.AssetTest" time="0.003"/>
  <testcase name="testToString" classname="com.cognizant.portfoliomanagement.WebPortal.Model.AssetTest" time="0.007"/>
  <testcase name="testSetPortfolioid" classname="com.cognizant.portfoliomanagement.WebPortal.Model.AssetTest" time="0"/>
  <testcase name="testAssetIntStringIntStringInt" classname="com.cognizant.portfoliomanagement.WebPortal.Model.AssetTest" time="0"/>
  <testcase name="testSetAssetid" classname="com.cognizant.portfoliomanagement.WebPortal.Model.AssetTest" time="0"/>
  <testcase name="testSetType" classname="com.cognizant.portfoliomanagement.WebPortal.Model.AssetTest" time="0"/>
  <testcase name="testSetTid" classname="com.cognizant.portfoliomanagement.WebPortal.Model.AssetTest" time="0.001"/>
  <testcase name="testSetUnits" classname="com.cognizant.portfoliomanagement.WebPortal.Model.AssetTest" time="0.001"/>
</testsuite>